<?xml version="1.0" encoding="UTF-8"?>
<!-- Generated by org.testng.reporters.JUnitReportReporter -->
<testsuite hostname="DESKTOP-BCCK5OF" failures="0" tests="1" name="Login_Page_Test.Homework_Page_Test" time="5.206" errors="0" timestamp="2023-01-25T14:48:10 IST" skipped="0">
  <testcase classname="Login_Page_Test.Homework_Page_Test" name="HomeWork_Page_Test" time="5.206"/>
  <system-out/>
</testsuite> <!-- Login_Page_Test.Homework_Page_Test -->
