<?xml version="1.0" encoding="UTF-8"?>
<!-- Generated by org.testng.reporters.JUnitReportReporter -->
<testsuite hostname="DESKTOP-BCCK5OF" failures="0" tests="1" name="OrangeHRM_Login_Page_Test.Login_Page_Test" time="7.238" errors="0" timestamp="2023-01-20T20:29:51 IST" skipped="0">
  <testcase classname="OrangeHRM_Login_Page_Test.Login_Page_Test" name="LoginOrangeHRM" time="7.238"/>
  <system-out/>
</testsuite> <!-- OrangeHRM_Login_Page_Test.Login_Page_Test -->
