<?xml version="1.0" encoding="UTF-8"?>
<!-- Generated by org.testng.reporters.JUnitReportReporter -->
<testsuite hostname="DESKTOP-BCCK5OF" failures="0" tests="1" name="PPS_Login_Page_Test.CheckHomeworkTest" time="9.835" errors="0" timestamp="2023-01-21T21:16:13 IST" skipped="0">
  <testcase classname="PPS_Login_Page_Test.CheckHomeworkTest" name="checkHomeWork" time="9.835"/>
  <system-out/>
</testsuite> <!-- PPS_Login_Page_Test.CheckHomeworkTest -->
