<?xml version="1.0" encoding="UTF-8"?>
<!-- Generated by org.testng.reporters.JUnitReportReporter -->
<testsuite hostname="DESKTOP-BCCK5OF" failures="0" tests="2" name="OrangeHRM_Login_Page_Test.LoginPageTest" time="47.124" errors="0" timestamp="2023-01-21T13:51:40 IST" skipped="0">
  <testcase classname="OrangeHRM_Login_Page_Test.LoginPageTest" name="Title_Test" time="24.637"/>
  <system-out/>
  <testcase classname="OrangeHRM_Login_Page_Test.LoginPageTest" name="Login_OrangeHRM" time="22.487"/>
  <system-out/>
</testsuite> <!-- OrangeHRM_Login_Page_Test.LoginPageTest -->
